This is pdfTeX, Version 3.14159265-2.6-1.40.18 (TeX Live 2017/Debian) (preloaded format=latex 2018.6.22)  22 JUN 2018 11:57
entering extended mode
 restricted \write18 enabled.
 %&-line parsing enabled.
**titlepage.tex
(./titlepage.tex
LaTeX2e <2017-04-15>
Babel <3.12> and hyphenation patterns for 5 language(s) loaded.
\HeadBreite=\skip41
\BoxBreite=\skip42

! LaTeX Error: Missing \begin{document}.

See the LaTeX manual or LaTeX Companion for explanation.
Type  H <return>  for immediate help.
 ...                                              
                                                  
l.18 \begin{center}
                   
You're in trouble here.  Try typing  <return>  to proceed.
If that doesn't work, type  X <return>  to quit.


Overfull \hbox (20.0pt too wide) in paragraph at lines 18--18
[] 
 []

! Undefined control sequence.
l.19   {\large
               Literature study}\\[0.5cm]
The control sequence at the end of the top line
of your error message was never \def'ed. If you have
misspelled it (e.g., `\hobx'), type `I' and the correct
spelling (e.g., `I\hbox'). Otherwise just continue,
and I'll forget about whatever was undefined.


Overfull \hbox (44.08342pt too wide) in paragraph at lines 19--19
 \OT1/cmr/m/n/10 Literature 
 []


Overfull \hbox (24.22229pt too wide) in paragraph at lines 19--19
 \OT1/cmr/m/n/10 study 
 []

! Undefined control sequence.
l.21   {\bfseries {\LARGE
                          Phase-field modeling of fracture \\[0.3cm]}}
The control sequence at the end of the top line
of your error message was never \def'ed. If you have
misspelled it (e.g., `\hobx'), type `I' and the correct
spelling (e.g., `I\hbox'). Otherwise just continue,
and I'll forget about whatever was undefined.


Overfull \hbox (33.48035pt too wide) in paragraph at lines 21--21
 []\OT1/cmr/bx/n/10 Phase- 
 []


Overfull \hbox (21.24295pt too wide) in paragraph at lines 21--21
 \OT1/cmr/bx/n/10 field 
 []


Overfull \hbox (25.87486pt too wide) in paragraph at lines 21--21
 \OT1/cmr/bx/n/10 mod- 
 []


Overfull \hbox (12.29855pt too wide) in paragraph at lines 21--21
 \OT1/cmr/bx/n/10 el- 
 []


Overfull \hbox (15.33325pt too wide) in paragraph at lines 21--21
 \OT1/cmr/bx/n/10 ing 
 []


Overfull \hbox (9.26384pt too wide) in paragraph at lines 21--21
 \OT1/cmr/bx/n/10 of 
 []


Overfull \hbox (22.78459pt too wide) in paragraph at lines 21--21
 \OT1/cmr/bx/n/10 frac- 
 []


Overfull \hbox (20.86797pt too wide) in paragraph at lines 21--21
 \OT1/cmr/bx/n/10 ture 
 []


Overfull \hbox (20.0pt too wide) in paragraph at lines 27--27
[] 
 []

! Undefined control sequence.
l.28   {\large
               \textbf{Lisa Hug}\\}
The control sequence at the end of the top line
of your error message was never \def'ed. If you have
misspelled it (e.g., `\hobx'), type `I' and the correct
spelling (e.g., `I\hbox'). Otherwise just continue,
and I'll forget about whatever was undefined.


Overfull \hbox (20.23735pt too wide) in paragraph at lines 28--28
 \OT1/cmr/bx/n/10 Lisa 
 []


Overfull \hbox (21.29851pt too wide) in paragraph at lines 28--28
 \OT1/cmr/bx/n/10 Hug 
 []

)
! Emergency stop.
<*> titlepage.tex
                 
*** (job aborted, no legal \end found)

 
Here is how much of TeX's memory you used:
 10 strings out of 494889
 186 string characters out of 6179736
 46960 words of memory out of 5000000
 3424 multiletter control sequences out of 15000+600000
 3948 words of font info for 15 fonts, out of 8000000 for 9000
 36 hyphenation exceptions out of 8191
 13i,1n,12p,125b,86s stack positions out of 5000i,500n,10000p,200000b,80000s
No pages of output.
